Determining if the pthread_create exist failed with the following output:
Change Dir: /home/pi/Desktop/w9s1_ros_tutorial/build/CMakeFiles/CMakeTmp

Run Build Command:"/usr/bin/make" "cmTC_1210e/fast"
/usr/bin/make -f CMakeFiles/cmTC_1210e.dir/build.make CMakeFiles/cmTC_1210e.dir/build
make[1]: Entering directory '/home/pi/Desktop/w9s1_ros_tutorial/build/CMakeFiles/CMakeTmp'
Building C object CMakeFiles/cmTC_1210e.dir/CheckSymbolExists.c.o
/usr/bin/cc     -o CMakeFiles/cmTC_1210e.dir/CheckSymbolExists.c.o   -c /home/pi/Desktop/w9s1_ros_tutorial/build/CMakeFiles/CMakeTmp/CheckSymbolExists.c
Linking C executable cmTC_1210e
/usr/bin/cmake -E cmake_link_script CMakeFiles/cmTC_1210e.dir/link.txt --verbose=1
/usr/bin/cc       CMakeFiles/cmTC_1210e.dir/CheckSymbolExists.c.o  -o cmTC_1210e -rdynamic 
CMakeFiles/cmTC_1210e.dir/CheckSymbolExists.c.o: In function `main':
CheckSymbolExists.c:(.text+0x38): undefined reference to `pthread_create'
collect2: error: ld returned 1 exit status
CMakeFiles/cmTC_1210e.dir/build.make:97: recipe for target 'cmTC_1210e' failed
make[1]: *** [cmTC_1210e] Error 1
make[1]: Leaving directory '/home/pi/Desktop/w9s1_ros_tutorial/build/CMakeFiles/CMakeTmp'
Makefile:126: recipe for target 'cmTC_1210e/fast' failed
make: *** [cmTC_1210e/fast] Error 2

File /home/pi/Desktop/w9s1_ros_tutorial/build/CMakeFiles/CMakeTmp/CheckSymbolExists.c:
/* */
#include <pthread.h>

int main(int argc, char** argv)
{
  (void)argv;
#ifndef pthread_create
  return ((int*)(&pthread_create))[argc];
#else
  (void)argc;
  return 0;
#endif
}

Determining if the function pthread_create exists in the pthreads failed with the following output:
Change Dir: /home/pi/Desktop/w9s1_ros_tutorial/build/CMakeFiles/CMakeTmp

Run Build Command:"/usr/bin/make" "cmTC_9018d/fast"
/usr/bin/make -f CMakeFiles/cmTC_9018d.dir/build.make CMakeFiles/cmTC_9018d.dir/build
make[1]: Entering directory '/home/pi/Desktop/w9s1_ros_tutorial/build/CMakeFiles/CMakeTmp'
Building C object CMakeFiles/cmTC_9018d.dir/CheckFunctionExists.c.o
/usr/bin/cc    -DCHECK_FUNCTION_EXISTS=pthread_create   -o CMakeFiles/cmTC_9018d.dir/CheckFunctionExists.c.o   -c /usr/share/cmake-3.7/Modules/CheckFunctionExists.c
Linking C executable cmTC_9018d
/usr/bin/cmake -E cmake_link_script CMakeFiles/cmTC_9018d.dir/link.txt --verbose=1
/usr/bin/cc   -DCHECK_FUNCTION_EXISTS=pthread_create    CMakeFiles/cmTC_9018d.dir/CheckFunctionExists.c.o  -o cmTC_9018d -rdynamic -lpthreads 
/usr/bin/ld: cannot find -lpthreads
collect2: error: ld returned 1 exit status
CMakeFiles/cmTC_9018d.dir/build.make:97: recipe for target 'cmTC_9018d' failed
make[1]: *** [cmTC_9018d] Error 1
make[1]: Leaving directory '/home/pi/Desktop/w9s1_ros_tutorial/build/CMakeFiles/CMakeTmp'
Makefile:126: recipe for target 'cmTC_9018d/fast' failed
make: *** [cmTC_9018d/fast] Error 2


